N E X T F L O W  ~  version 19.03.0-edge
Launching `/gpfs/projects/bsc83/Projects/Ebola/code/ebola/BroadAnnotation/99_cpc2.nf` [tiny_avogadro] - revision: 8e318132a7
WARN: There's no process matching config selector: gffCompare
==============================================
Quantification and Filtering
==============================================
WARN: Access to undefined parameter `mrnas_predicted` -- Initialise it to a default value eg. `params.mrnas_predicted = some_value`
executor >  local (1)
[3a/c93168] process > filterExpression [  0%] 0 of 1

executor >  local (1)
[3a/c93168] process > filterExpression [100%] 1 of 1 ✔

executor >  local (2)
[3a/c93168] process > filterExpression [100%] 1 of 1 ✔
[f2/a590e7] process > gtf2bed          [  0%] 0 of 1

executor >  local (3)
[3a/c93168] process > filterExpression [100%] 1 of 1 ✔
[f2/a590e7] process > gtf2bed          [100%] 1 of 1 ✔
[75/3d5a01] process > getFasta         [  0%] 0 of 1

executor >  local (6)
[3a/c93168] process > filterExpression [100%] 1 of 1 ✔
[f2/a590e7] process > gtf2bed          [100%] 1 of 1 ✔
[75/3d5a01] process > getFasta         [100%] 1 of 1 ✔
[98/31914d] process > CNIT             [  0%] 0 of 1
[d3/4e1679] process > CPAT             [  0%] 0 of 1
[8c/d0bab9] process > CPC2             [  0%] 0 of 1

executor >  local (6)
[3a/c93168] process > filterExpression [100%] 1 of 1 ✔
[f2/a590e7] process > gtf2bed          [100%] 1 of 1 ✔
[75/3d5a01] process > getFasta         [100%] 1 of 1 ✔
[98/31914d] process > CNIT             [  0%] 0 of 1
[d3/4e1679] process > CPAT             [  0%] 0 of 1
[8c/d0bab9] process > CPC2             [100%] 1 of 1 ✔

executor >  local (6)
[3a/c93168] process > filterExpression [100%] 1 of 1 ✔
[f2/a590e7] process > gtf2bed          [100%] 1 of 1 ✔
[75/3d5a01] process > getFasta         [100%] 1 of 1 ✔
[98/31914d] process > CNIT             [100%] 1 of 1, failed: 1 ✘
[d3/4e1679] process > CPAT             [  0%] 0 of 1
[8c/d0bab9] process > CPC2             [100%] 1 of 1 ✔
ERROR ~ Error executing process > 'CNIT (1)'

Caused by:
  Process `CNIT (1)` terminated with an error exit status (1)

Command executed:

  python ${CNIT_HOME}/CNCI2.py -f candidates.fa -o cnit_pred -m "ve"

Command exit status:
  1

Command output:
  CNCIv2 2018/11/16

Command error:
  WARNING: seccomp requested but not enabled, seccomp library is missing or too old
  Traceback (most recent call last):
    File "/CNCI2/CNCI2.py", line 395, in <module>
      run()
    File "/CNCI2/CNCI2.py", line 345, in run
      total_file_list = split_check_fasta_file(in_file, tmp_out_dir, parallel, log_file)
    File "/CNCI2/CNCI2.py", line 120, in split_check_fasta_file
      out.write("%s\n" % sep.join(data))
  TypeError: sequence item 0: expected string, NoneType found

Work dir:
  /gpfs/projects/bsc83/Data/Ebola/work/98/31914d2fc4fdd09814705221e2f777

Tip: you can try to figure out what's wrong by changing to the process work dir and showing the script file named `.command.sh`

 -- Check '.nextflow.log' file for details
Oops .. something went wrong

executor >  local (6)
[3a/c93168] process > filterExpression [100%] 1 of 1 ✔
[f2/a590e7] process > gtf2bed          [100%] 1 of 1 ✔
[75/3d5a01] process > getFasta         [100%] 1 of 1 ✔
[98/31914d] process > CNIT             [100%] 1 of 1, failed: 1 ✘
[d3/4e1679] process > CPAT             [100%] 1 of 1, failed: 1
[8c/d0bab9] process > CPC2             [100%] 1 of 1 ✔
WARN: Killing pending tasks (1)
ERROR ~ Error executing process > 'CNIT (1)'

Caused by:
  Process `CNIT (1)` terminated with an error exit status (1)

Command executed:

  python ${CNIT_HOME}/CNCI2.py -f candidates.fa -o cnit_pred -m "ve"

Command exit status:
  1

Command output:
  CNCIv2 2018/11/16

Command error:
  WARNING: seccomp requested but not enabled, seccomp library is missing or too old
  Traceback (most recent call last):
    File "/CNCI2/CNCI2.py", line 395, in <module>
      run()
    File "/CNCI2/CNCI2.py", line 345, in run
      total_file_list = split_check_fasta_file(in_file, tmp_out_dir, parallel, log_file)
    File "/CNCI2/CNCI2.py", line 120, in split_check_fasta_file
      out.write("%s\n" % sep.join(data))
  TypeError: sequence item 0: expected string, NoneType found

Work dir:
  /gpfs/projects/bsc83/Data/Ebola/work/98/31914d2fc4fdd09814705221e2f777

Tip: you can try to figure out what's wrong by changing to the process work dir and showing the script file named `.command.sh`

 -- Check '.nextflow.log' file for details
